[2025-11-23T08:46:55.460+0000] {manager.py:486} INFO - Processing files using up to 2 processes at a time 
[2025-11-23T08:46:55.462+0000] {manager.py:487} INFO - Process each file at most once every 30 seconds
[2025-11-23T08:46:55.464+0000] {manager.py:488} INFO - Checking for new files in /opt/airflow/dags every 300 seconds
[2025-11-23T08:46:55.467+0000] {manager.py:832} INFO - Searching for files in /opt/airflow/dags
[2025-11-23T08:46:55.470+0000] {manager.py:835} INFO - There are 0 files in /opt/airflow/dags
[2025-11-23T08:51:55.988+0000] {manager.py:832} INFO - Searching for files in /opt/airflow/dags
[2025-11-23T08:51:56.038+0000] {manager.py:835} INFO - There are 0 files in /opt/airflow/dags
[2025-11-23T10:19:56.709+0000] {manager.py:832} INFO - Searching for files in /opt/airflow/dags
[2025-11-23T10:19:56.733+0000] {manager.py:835} INFO - There are 0 files in /opt/airflow/dags
[2025-11-23T13:05:32.752+0000] {manager.py:832} INFO - Searching for files in /opt/airflow/dags
[2025-11-23T13:05:32.762+0000] {manager.py:835} INFO - There are 0 files in /opt/airflow/dags
[2025-11-23T16:09:31.405+0000] {manager.py:832} INFO - Searching for files in /opt/airflow/dags
[2025-11-23T16:09:31.413+0000] {manager.py:835} INFO - There are 0 files in /opt/airflow/dags
[2025-11-23T18:55:11.084+0000] {manager.py:832} INFO - Searching for files in /opt/airflow/dags
[2025-11-23T18:55:11.094+0000] {manager.py:835} INFO - There are 0 files in /opt/airflow/dags
[2025-11-23T19:19:22.429+0000] {manager.py:832} INFO - Searching for files in /opt/airflow/dags
[2025-11-23T19:19:22.439+0000] {manager.py:835} INFO - There are 0 files in /opt/airflow/dags
[2025-11-23T19:56:16.266+0000] {manager.py:832} INFO - Searching for files in /opt/airflow/dags
[2025-11-23T19:56:16.274+0000] {manager.py:835} INFO - There are 0 files in /opt/airflow/dags
[2025-11-23T20:10:22.943+0000] {manager.py:832} INFO - Searching for files in /opt/airflow/dags
[2025-11-23T20:10:22.972+0000] {manager.py:835} INFO - There are 0 files in /opt/airflow/dags
[2025-11-23T20:10:37.500+0000] {manager.py:468} INFO - Exiting gracefully upon receiving signal 15
